<?xml version="1.0" encoding="UTF-8"?>
<testsuite xmlns:xsi="http://www.w3.org/2001/XMLSchema-instance" xsi:noNamespaceSchemaLocation="https://maven.apache.org/surefire/maven-surefire-plugin/xsd/surefire-test-report.xsd" name="com.ontariotechu.sofe3980U.AppTest" time="0.049" tests="1" errors="0" skipped="0" failures="0">
  <properties>
    <property name="java.specification.version" value="19"/>
    <property name="sun.cpu.isalist" value="amd64"/>
    <property name="sun.jnu.encoding" value="Cp1252"/>
    <property name="java.class.path" value="C:\University\ThirdYearSecondSem\SoftwareQuality\ProjectDeliverable1\BinaryCalculator\target\test-classes;C:\University\ThirdYearSecondSem\SoftwareQuality\ProjectDeliverable1\BinaryCalculator\target\classes;C:\Users\zubxx\.m2\repository\junit\junit\4.11\junit-4.11.jar;C:\Users\zubxx\.m2\repository\org\hamcrest\hamcrest-core\1.3\hamcrest-core-1.3.jar;C:\Users\zubxx\.m2\repository\joda-time\joda-time\2.9.2\joda-time-2.9.2.jar;"/>
    <property name="java.vm.vendor" value="Oracle Corporation"/>
    <property name="sun.arch.data.model" value="64"/>
    <property name="user.variant" value=""/>
    <property name="java.vendor.url" value="https://java.oracle.com/"/>
    <property name="user.timezone" value="America/Toronto"/>
    <property name="os.name" value="Windows 11"/>
    <property name="java.vm.specification.version" value="19"/>
    <property name="sun.java.launcher" value="SUN_STANDARD"/>
    <property name="user.country" value="CA"/>
    <property name="sun.boot.library.path" value="C:\Program Files\Java\jdk-19\bin"/>
    <property name="sun.java.command" value="C:\Users\zubxx\AppData\Local\Temp\surefire6055583714361222505\surefirebooter18107869253698201173.jar C:\Users\zubxx\AppData\Local\Temp\surefire6055583714361222505 2023-01-24T23-28-30_450-jvmRun1 surefire14138720789452541689tmp surefire_015965268773613495210tmp"/>
    <property name="jdk.debug" value="release"/>
    <property name="surefire.test.class.path" value="C:\University\ThirdYearSecondSem\SoftwareQuality\ProjectDeliverable1\BinaryCalculator\target\test-classes;C:\University\ThirdYearSecondSem\SoftwareQuality\ProjectDeliverable1\BinaryCalculator\target\classes;C:\Users\zubxx\.m2\repository\junit\junit\4.11\junit-4.11.jar;C:\Users\zubxx\.m2\repository\org\hamcrest\hamcrest-core\1.3\hamcrest-core-1.3.jar;C:\Users\zubxx\.m2\repository\joda-time\joda-time\2.9.2\joda-time-2.9.2.jar;"/>
    <property name="sun.cpu.endian" value="little"/>
    <property name="user.home" value="C:\Users\zubxx"/>
    <property name="user.language" value="en"/>
    <property name="java.specification.vendor" value="Oracle Corporation"/>
    <property name="java.version.date" value="2022-10-18"/>
    <property name="java.home" value="C:\Program Files\Java\jdk-19"/>
    <property name="file.separator" value="\"/>
    <property name="basedir" value="C:\University\ThirdYearSecondSem\SoftwareQuality\ProjectDeliverable1\BinaryCalculator"/>
    <property name="java.vm.compressedOopsMode" value="Zero based"/>
    <property name="line.separator" value="&#10;"/>
    <property name="java.vm.specification.vendor" value="Oracle Corporation"/>
    <property name="java.specification.name" value="Java Platform API Specification"/>
    <property name="surefire.real.class.path" value="C:\Users\zubxx\AppData\Local\Temp\surefire6055583714361222505\surefirebooter18107869253698201173.jar"/>
    <property name="user.script" value=""/>
    <property name="sun.management.compiler" value="HotSpot 64-Bit Tiered Compilers"/>
    <property name="java.runtime.version" value="19.0.1+10-21"/>
    <property name="user.name" value="zubxx"/>
    <property name="stdout.encoding" value="Cp1252"/>
    <property name="path.separator" value=";"/>
    <property name="os.version" value="10.0"/>
    <property name="java.runtime.name" value="Java(TM) SE Runtime Environment"/>
    <property name="file.encoding" value="UTF-8"/>
    <property name="java.vm.name" value="Java HotSpot(TM) 64-Bit Server VM"/>
    <property name="localRepository" value="C:\Users\zubxx\.m2\repository"/>
    <property name="java.vendor.url.bug" value="https://bugreport.java.com/bugreport/"/>
    <property name="java.io.tmpdir" value="C:\Users\zubxx\AppData\Local\Temp\"/>
    <property name="java.version" value="19.0.1"/>
    <property name="user.dir" value="C:\University\ThirdYearSecondSem\SoftwareQuality\ProjectDeliverable1\BinaryCalculator"/>
    <property name="os.arch" value="amd64"/>
    <property name="java.vm.specification.name" value="Java Virtual Machine Specification"/>
    <property name="sun.os.patch.level" value=""/>
    <property name="native.encoding" value="Cp1252"/>
    <property name="java.library.path" value="C:\Program Files\Java\jdk-19\bin;C:\WINDOWS\Sun\Java\bin;C:\WINDOWS\system32;C:\WINDOWS;C:\Python39\Scripts\;C:\Python39\;C:\VULKAN~1\12176~1.1\Bin;C:\PROGRA~2\RAZERC~1\bin;C:\PROGRA~1\RAZERC~1\bin;C:\PROGRA~2\Razer\CHROMA~1\bin;C:\PROGRA~1\Razer\CHROMA~1\bin;C:\Windows\system32;C:\Windows;C:\Windows\System32\Wbem;C:\Windows\System32\WindowsPowerShell\v1.0\;C:\Windows\System32\OpenSSH\;C:\Users\zubxx\AppData\Local\MICROS~1\WINDOW~1;C:\Program Files (x86)\IVI Foundation\VISA\WinNT\Bin\;C:\Program Files\IVI Foundation\VISA\Win64\Bin\;C:\Program Files (x86)\IVI Foundation\VISA\WinNT\Bin;C:\PROGRA~1\dotnet\;C:\PROGRA~1\MI3EDC~1\130\Tools\Binn\;C:\PROGRA~1\MI3EDC~1\CLIENT~1\ODBC\170\Tools\Binn\;C:\PROGRA~1\MI3EDC~1\CLIENT~1\ODBC\110\Tools\Binn\;C:\PROGRA~2\MI3EDC~1\120\Tools\Binn\;C:\PROGRA~1\MI3EDC~1\120\Tools\Binn\;C:\PROGRA~1\MI3EDC~1\120\DTS\Binn\;C:\PROGRA~2\WI3CF2~1\8.1\WINDOW~1\;C:\Windows\system32\config\systemprofile\AppData\Local\Microsoft\WindowsApps;C:\PROGRA~1\NVIDIA~1\NVIDIA~2;C:\Library\DEVELO~1\TOOLCH~1\UNKNOW~1.XCT\usr\bin;C:\Library\SWIFT-~1\bin;C:\Library\icu-67\usr\bin;C:\PROGRA~1\nodejs\;C:\PROGRA~3\CHOCOL~1\bin;C:\PROGRA~2\NVIDIA~1\PhysX\Common;C:\PROGRA~1\Git\cmd;c:\Xilinx\bin\nt;C:\Users\zubxx\AppData\Local\Programs\Python\PYTHON~1\Scripts\;C:\Users\zubxx\AppData\Local\Programs\Python\PYTHON~1\;C:\PROGRA~1\MINGW-~1\X86_64~1.0-P\mingw64\bin;C:\Users\zubxx\AppData\Local\Programs\MICROS~1\bin;C:\Users\zubxx\.dotnet\tools;C:\Users\zubxx\AppData\Roaming\npm;C:\PROGRA~1\heroku\bin;C:\WINDOWS\system32;C:\WINDOWS;C:\WINDOWS\System32\Wbem;C:\WINDOWS\System32\WindowsPowerShell\v1.0\;C:\WINDOWS\System32\OpenSSH\;C:\PROGRA~2\MI3EDC~1\150\DTS\Binn\;C:\PROGRA~1\AZURED~1\bin;C:\PROGRA~2\MI3EDC~1\150\Tools\Binn\;C:\PROGRA~1\MI3EDC~1\150\Tools\Binn\;C:\PROGRA~1\MI3EDC~1\150\DTS\Binn\;C:\Program Files\Common Files\Oracle\Java\javapath;C:\Program Files\Java\jdk-19\bin;C:\Python27\Scripts;C:\Python27\;C:\Users\zubxx\AppData\Local\Programs\Microsoft VS Code\bin;C:\Program Files\Azure Data Studio\bin;C:\Users\zubxx\AppData\Local\Microsoft\WindowsApps;C:\Program Files\apache-maven-3.8.7-bin\apache-maven-3.8.7\bin;."/>
    <property name="java.vm.info" value="mixed mode, sharing"/>
    <property name="stderr.encoding" value="Cp1252"/>
    <property name="java.vendor" value="Oracle Corporation"/>
    <property name="java.vm.version" value="19.0.1+10-21"/>
    <property name="sun.io.unicode.encoding" value="UnicodeLittle"/>
    <property name="java.class.version" value="63.0"/>
  </properties>
  <testcase name="shouldAnswerWithTrue" classname="com.ontariotechu.sofe3980U.AppTest" time="0.005"/>
</testsuite>